This is pdfTeX, Version 3.14159265-2.6-1.40.18 (TeX Live 2017) (preloaded format=pdflatex 2017.10.17)  2 JAN 2020 19:45
entering extended mode
 restricted \write18 enabled.
 %&-line parsing enabled.
**inversion_paper.tex
(./inversion_paper.tex
LaTeX2e <2017-04-15>
Babel <3.10> and hyphenation patterns for 84 language(s) loaded.
(./agujournal2019.cls
Document Class: agujournal2019 01/14/2019
(/usr/local/texlive/2017/texmf-dist/tex/latex/graphics/graphicx.sty
Package: graphicx 2014/10/28 v1.0g Enhanced LaTeX Graphics (DPC,SPQR)

(/usr/local/texlive/2017/texmf-dist/tex/latex/graphics/keyval.sty
Package: keyval 2014/10/28 v1.15 key=value parser (DPC)
\KV@toks@=\toks14
)
(/usr/local/texlive/2017/texmf-dist/tex/latex/graphics/graphics.sty
Package: graphics 2017/04/14 v1.1b Standard LaTeX Graphics (DPC,SPQR)

(/usr/local/texlive/2017/texmf-dist/tex/latex/graphics/trig.sty
Package: trig 2016/01/03 v1.10 sin cos tan (DPC)
)
(/usr/local/texlive/2017/texmf-dist/tex/latex/graphics-cfg/graphics.cfg
File: graphics.cfg 2016/06/04 v1.11 sample graphics configuration
)
Package graphics Info: Driver file: pdftex.def on input line 99.

(/usr/local/texlive/2017/texmf-dist/tex/latex/graphics-def/pdftex.def
File: pdftex.def 2017/01/12 v0.06k Graphics/color for pdfTeX

(/usr/local/texlive/2017/texmf-dist/tex/generic/oberdiek/infwarerr.sty
Package: infwarerr 2016/05/16 v1.4 Providing info/warning/error messages (HO)
)
(/usr/local/texlive/2017/texmf-dist/tex/generic/oberdiek/ltxcmds.sty
Package: ltxcmds 2016/05/16 v1.23 LaTeX kernel commands for general use (HO)
)
\Gread@gobject=\count79
))
\Gin@req@height=\dimen102
\Gin@req@width=\dimen103
)
(/usr/local/texlive/2017/texmf-dist/tex/latex/xcolor/xcolor.sty
Package: xcolor 2016/05/11 v2.12 LaTeX color extensions (UK)

(/usr/local/texlive/2017/texmf-dist/tex/latex/graphics-cfg/color.cfg
File: color.cfg 2016/01/02 v1.6 sample color configuration
)
Package xcolor Info: Driver file: pdftex.def on input line 225.
Package xcolor Info: Model `cmy' substituted by `cmy0' on input line 1348.
Package xcolor Info: Model `hsb' substituted by `rgb' on input line 1352.
Package xcolor Info: Model `RGB' extended on input line 1364.
Package xcolor Info: Model `HTML' substituted by `rgb' on input line 1366.
Package xcolor Info: Model `Hsb' substituted by `hsb' on input line 1367.
Package xcolor Info: Model `tHsb' substituted by `hsb' on input line 1368.
Package xcolor Info: Model `HSB' substituted by `hsb' on input line 1369.
Package xcolor Info: Model `Gray' substituted by `gray' on input line 1370.
Package xcolor Info: Model `wave' substituted by `hsb' on input line 1371.
)
(/usr/local/texlive/2017/texmf-dist/tex/latex/url/url.sty
\Urlmuskip=\muskip10
Package: url 2013/09/16  ver 3.4  Verb mode for urls, etc.
)
(/usr/local/texlive/2017/texmf-dist/tex/latex/lineno/lineno.sty
Package: lineno 2005/11/02 line numbers on paragraphs v4.41
\linenopenalty=\count80
\output=\toks15
\linenoprevgraf=\count81
\linenumbersep=\dimen104
\linenumberwidth=\dimen105
\c@linenumber=\count82
\c@pagewiselinenumber=\count83
\c@LN@truepage=\count84
\c@internallinenumber=\count85
\c@internallinenumbers=\count86
\quotelinenumbersep=\dimen106
\bframerule=\dimen107
\bframesep=\dimen108
\bframebox=\box26
LaTeX Info: Redefining \\ on input line 3056.
)
(/usr/local/texlive/2017/texmf-dist/tex/latex/tools/indentfirst.sty
Package: indentfirst 1995/11/23 v1.03 Indent first paragraph (DPC)
)
(/usr/local/texlive/2017/texmf-dist/tex/latex/ms/ragged2e.sty
Package: ragged2e 2009/05/21 v2.1 ragged2e Package (MS)

(/usr/local/texlive/2017/texmf-dist/tex/latex/ms/everysel.sty
Package: everysel 2011/10/28 v1.2 EverySelectfont Package (MS)
)
\CenteringLeftskip=\skip41
\RaggedLeftLeftskip=\skip42
\RaggedRightLeftskip=\skip43
\CenteringRightskip=\skip44
\RaggedLeftRightskip=\skip45
\RaggedRightRightskip=\skip46
\CenteringParfillskip=\skip47
\RaggedLeftParfillskip=\skip48
\RaggedRightParfillskip=\skip49
\JustifyingParfillskip=\skip50
\CenteringParindent=\skip51
\RaggedLeftParindent=\skip52
\RaggedRightParindent=\skip53
\JustifyingParindent=\skip54
)
(/usr/local/texlive/2017/texmf-dist/tex/latex/graphics/rotating.sty
Package: rotating 2016/08/11 v2.16d rotated objects in LaTeX

(/usr/local/texlive/2017/texmf-dist/tex/latex/base/ifthen.sty
Package: ifthen 2014/09/29 v1.1c Standard LaTeX ifthen package (DPC)
)
\c@r@tfl@t=\count87
\rotFPtop=\skip55
\rotFPbot=\skip56
\rot@float@box=\box27
\rot@mess@toks=\toks16
)
\draftskip=\count88
\c@section=\count89
\c@subsection=\count90
\c@subsubsection=\count91
\c@paragraph=\count92
\c@subparagraph=\count93
\c@figure=\count94
\c@table=\count95
\abovecaptionskip=\skip57
\belowcaptionskip=\skip58
\c@appendnum=\count96
\bibindent=\dimen109

(/usr/local/texlive/2017/texmf-dist/tex/latex/apacite/apacite.sty
Package: apacite 2013/07/21 v6.03 APA citation
\c@BibCnt=\count97
\bibleftmargin=\skip59
\bibindent=\skip60
\bibparsep=\skip61
\bibitemsep=\skip62
\biblabelsep=\skip63
))
(/usr/local/texlive/2017/texmf-dist/tex/latex/amsmath/amsmath.sty
Package: amsmath 2016/11/05 v2.16a AMS math features
\@mathmargin=\skip64

For additional information on amsmath, use the `?' option.
(/usr/local/texlive/2017/texmf-dist/tex/latex/amsmath/amstext.sty
Package: amstext 2000/06/29 v2.01 AMS text

(/usr/local/texlive/2017/texmf-dist/tex/latex/amsmath/amsgen.sty
File: amsgen.sty 1999/11/30 v2.0 generic functions
\@emptytoks=\toks17
\ex@=\dimen110
))
(/usr/local/texlive/2017/texmf-dist/tex/latex/amsmath/amsbsy.sty
Package: amsbsy 1999/11/29 v1.2d Bold Symbols
\pmbraise@=\dimen111
)
(/usr/local/texlive/2017/texmf-dist/tex/latex/amsmath/amsopn.sty
Package: amsopn 2016/03/08 v2.02 operator names
)
\inf@bad=\count98
LaTeX Info: Redefining \frac on input line 213.
\uproot@=\count99
\leftroot@=\count100
LaTeX Info: Redefining \overline on input line 375.
\classnum@=\count101
\DOTSCASE@=\count102
LaTeX Info: Redefining \ldots on input line 472.
LaTeX Info: Redefining \dots on input line 475.
LaTeX Info: Redefining \cdots on input line 596.
\Mathstrutbox@=\box28
\strutbox@=\box29
\big@size=\dimen112
LaTeX Font Info:    Redeclaring font encoding OML on input line 712.
LaTeX Font Info:    Redeclaring font encoding OMS on input line 713.
\macc@depth=\count103
\c@MaxMatrixCols=\count104
\dotsspace@=\muskip11
\c@parentequation=\count105
\dspbrk@lvl=\count106
\tag@help=\toks18
\row@=\count107
\column@=\count108
\maxfields@=\count109
\andhelp@=\toks19
\eqnshift@=\dimen113
\alignsep@=\dimen114
\tagshift@=\dimen115
\tagwidth@=\dimen116
\totwidth@=\dimen117
\lineht@=\dimen118
\@envbody=\toks20
\multlinegap=\skip65
\multlinetaggap=\skip66
\mathdisplay@stack=\toks21
LaTeX Info: Redefining \[ on input line 2817.
LaTeX Info: Redefining \] on input line 2818.
)
(./trackchanges.sty
Package: trackchanges 2009/04/22 v0.7.0 TrackChanges file 

(/usr/local/texlive/2017/texmf-dist/tex/latex/tools/calc.sty
Package: calc 2014/10/28 v4.3 Infix arithmetic (KKT,FJ)
\calc@Acount=\count110
\calc@Bcount=\count111
\calc@Adimen=\dimen119
\calc@Bdimen=\dimen120
\calc@Askip=\skip67
\calc@Bskip=\skip68
LaTeX Info: Redefining \setlength on input line 80.
LaTeX Info: Redefining \addtolength on input line 81.
\calc@Ccount=\count112
\calc@Cskip=\skip69
)
(/usr/local/texlive/2017/texmf-dist/tex/latex/soul/soul.sty
Package: soul 2003/11/17 v2.4 letterspacing/underlining (mf)
\SOUL@word=\toks22
\SOUL@lasttoken=\toks23
\SOUL@cmds=\toks24
\SOUL@buffer=\toks25
\SOUL@token=\toks26
\SOUL@spaceskip=\skip70
\SOUL@ttwidth=\dimen121
\SOUL@uldp=\dimen122
\SOUL@ulht=\dimen123
)
(/usr/local/texlive/2017/texmf-dist/tex/latex/morefloats/morefloats.sty
Package: morefloats 2015/07/22 v1.0h Raise limit of unprocessed floats (HMM)

(/usr/local/texlive/2017/texmf-dist/tex/latex/oberdiek/kvoptions.sty
Package: kvoptions 2016/05/16 v3.12 Key value format for package options (HO)

(/usr/local/texlive/2017/texmf-dist/tex/generic/oberdiek/kvsetkeys.sty
Package: kvsetkeys 2016/05/16 v1.17 Key value parser (HO)

(/usr/local/texlive/2017/texmf-dist/tex/generic/oberdiek/etexcmds.sty
Package: etexcmds 2016/05/16 v1.6 Avoid name clashes with e-TeX commands (HO)

(/usr/local/texlive/2017/texmf-dist/tex/generic/oberdiek/ifluatex.sty
Package: ifluatex 2016/05/16 v1.4 Provides the ifluatex switch (HO)
Package ifluatex Info: LuaTeX not detected.
)
Package etexcmds Info: Could not find \expanded.
(etexcmds)             That can mean that you are not using pdfTeX 1.50 or
(etexcmds)             that some package has redefined \expanded.
(etexcmds)             In the latter case, load this package earlier.
)))
Package morefloats Info: Maximum number of possible floats asked for: 36
(morefloats)             (i.e. 18 more floats).
(morefloats)             LaTeX might run out of memory before this
(morefloats)             (in which case it will notify you).
)
\c@userid=\count113
\c@changenumber=\count114
\c@storefootnote=\count115
\c@numeditors=\count116
\c@maxeditors=\count117
)
(./inversion_paper.aux)
\openout1 = `inversion_paper.aux'.

LaTeX Font Info:    Checking defaults for OML/cmm/m/it on input line 68.
LaTeX Font Info:    ... okay on input line 68.
LaTeX Font Info:    Checking defaults for T1/cmr/m/n on input line 68.
LaTeX Font Info:    ... okay on input line 68.
LaTeX Font Info:    Checking defaults for OT1/cmr/m/n on input line 68.
LaTeX Font Info:    ... okay on input line 68.
LaTeX Font Info:    Checking defaults for OMS/cmsy/m/n on input line 68.
LaTeX Font Info:    ... okay on input line 68.
LaTeX Font Info:    Checking defaults for OMX/cmex/m/n on input line 68.
LaTeX Font Info:    ... okay on input line 68.
LaTeX Font Info:    Checking defaults for U/cmr/m/n on input line 68.
LaTeX Font Info:    ... okay on input line 68.

(/usr/local/texlive/2017/texmf-dist/tex/context/base/mkii/supp-pdf.mkii
[Loading MPS to PDF converter (version 2006.09.02).]
\scratchcounter=\count118
\scratchdimen=\dimen124
\scratchbox=\box30
\nofMPsegments=\count119
\nofMParguments=\count120
\everyMPshowfont=\toks27
\MPscratchCnt=\count121
\MPscratchDim=\dimen125
\MPnumerator=\count122
\makeMPintoPDFobject=\count123
\everyMPtoPDFconversion=\toks28
) (/usr/local/texlive/2017/texmf-dist/tex/generic/oberdiek/pdftexcmds.sty
Package: pdftexcmds 2017/03/19 v0.25 Utility functions of pdfTeX for LuaTeX (HO
)

(/usr/local/texlive/2017/texmf-dist/tex/generic/oberdiek/ifpdf.sty
Package: ifpdf 2017/03/15 v3.2 Provides the ifpdf switch
)
Package pdftexcmds Info: LuaTeX not detected.
Package pdftexcmds Info: \pdf@primitive is available.
Package pdftexcmds Info: \pdf@ifprimitive is available.
Package pdftexcmds Info: \pdfdraftmode found.
)
(/usr/local/texlive/2017/texmf-dist/tex/latex/oberdiek/epstopdf-base.sty
Package: epstopdf-base 2016/05/15 v2.6 Base part for package epstopdf

(/usr/local/texlive/2017/texmf-dist/tex/latex/oberdiek/grfext.sty
Package: grfext 2016/05/16 v1.2 Manage graphics extensions (HO)

(/usr/local/texlive/2017/texmf-dist/tex/generic/oberdiek/kvdefinekeys.sty
Package: kvdefinekeys 2016/05/16 v1.4 Define keys (HO)
))
Package epstopdf-base Info: Redefining graphics rule for `.eps' on input line 4
38.
Package grfext Info: Graphics extension search list:
(grfext)             [.png,.pdf,.jpg,.mps,.jpeg,.jbig2,.jb2,.PNG,.PDF,.JPG,.JPE
G,.JBIG2,.JB2,.eps]
(grfext)             \AppendGraphicsExtensions on input line 456.

(/usr/local/texlive/2017/texmf-dist/tex/latex/latexconfig/epstopdf-sys.cfg
File: epstopdf-sys.cfg 2010/07/13 v1.3 Configuration of (r)epstopdf for TeX Liv
e
))
ABD: EverySelectfont initializing macros
LaTeX Info: Redefining \selectfont on input line 68.
\c@maskedRefs=\count124

(/usr/local/texlive/2017/texmf-dist/tex/latex/apacite/english.apc
File: english.apc 2013/07/21 v6.03 apacite language file
LaTeX Info: Redefining \BPBI on input line 129.
LaTeX Info: Redefining \BHBI on input line 130.
) [1{/usr/local/texlive/2017/texmf-var/fonts/map/pdftex/updmap/pdftex.map}]

LaTeX Font Warning: Font shape `OT1/cmr/m/n' in size <10.5> not available
(Font)              size <10.95> substituted on input line 170.


LaTeX Font Warning: Font shape `OT1/cmr/bx/n' in size <10.5> not available
(Font)              size <10.95> substituted on input line 170.


Overfull \hbox (4.68233pt too wide) in paragraph at lines 205--206
[]\OT1/cmr/m/n/10 Electrojet tra-di-tion-ally mea-sured from ground + later sat
el-lites. Draw-back: Dis- 
 []


Overfull \hbox (2.07109pt too wide) in paragraph at lines 205--206
\OT1/cmr/m/n/10 tance $\OML/cmm/m/it/10 >$ \OT1/cmr/m/n/10 100 km, which re-mov
es fine scale struc-tures. $\OMS/cmsy/m/n/10 )$ \OT1/cmr/m/n/10 elec-tro-jet sp
a-tial struc-ture is 
 []


Overfull \hbox (8.84894pt too wide) in paragraph at lines 207--208
[]\OT1/cmr/m/n/10 New tech-niques avail-able (EZIE []Yee et al.[], 2020)+ maybe
 sodium laser mea-sure- 
 []


Overfull \hbox (0.90756pt too wide) in paragraph at lines 210--210
[]\OT1/cmr/bx/n/10 Prediction of meso-spheric mag-netic field dis-tur-bance mag
-ni-tudes  
 []


Overfull \hbox (10.19615pt too wide) in paragraph at lines 211--212
[]\OT1/cmr/m/n/10 Use []Gjerloev et al.[], 2011) FAC-based spec-trum to make sy
n-thetic equiv-a-lent cur- 
 []


Overfull \hbox (0.54341pt too wide) in paragraph at lines 211--212
\OT1/cmr/m/n/10 rent that has the same mag-netic power spec-trum. Use stan-dard
 ra-dial de-pen-dence to 
 []


Overfull \hbox (3.15459pt too wide) in paragraph at lines 211--212
\OT1/cmr/m/n/10 cal-cu-late struc-ture and mag-ni-tude of mag-netic field be-lo
w iono-sphere. The point is to 
 []

<figures/B_vs_h.png, id=17, 462.528pt x 346.896pt>
File: figures/B_vs_h.png Graphic file (type png)
 <use figures/B_vs_h.png>
Package pdftex.def Info: figures/B_vs_h.png used on input line 214.
(pdftex.def)             Requested size: 198.7425pt x 149.0565pt.

Underfull \hbox (badness 10000) in paragraph at lines 215--215
[]\OT1/cmr/bx/n/9 Figure  1. \OT1/cmr/m/n/9 Al-ti-tude vari-a-tion of $^^A\OML/
cmm/m/it/9 B$\OT1/cmr/m/n/9 , as-sum-ing spa-tial struc-ture of elec-tro-jet is
 sim-i-lar to
 []


<figures/magnetic_field_structure_at_different_heights.png, id=19, 722.7pt x 67
6.4472pt>
File: figures/magnetic_field_structure_at_different_heights.png Graphic file (t
ype png)
 <use figures/magnetic_field_structure_at_different_heights.png>
Package pdftex.def Info: figures/magnetic_field_structure_at_different_heights.
png used on input line 219.
(pdftex.def)             Requested size: 198.7425pt x 186.01839pt.

Underfull \hbox (badness 10000) in paragraph at lines 220--220
[]\OT1/cmr/bx/n/9 Figure  2. \OT1/cmr/m/n/9 Con-tour plots of mag-netic field o
f a ran-dom elec-tro-jet with sim-i-lar spa-tial struc-ture
 []


Overfull \hbox (18.34148pt too wide) in paragraph at lines 224--224
[]\OT1/cmr/bx/n/10.95 Resolving elec-tro-jet us-ing meso-spheric mag-netic fiel
d mea-sure-ments  
 []


Overfull \hbox (14.43233pt too wide) in paragraph at lines 225--226
[]\OT1/cmr/m/n/10 Point: Demon-strate / quan-tify in-creased ca-pa-bil-ity in d
e-ter-min-ing elec-tro-jet struc- 
 []



pdfTeX warning: pdflatex (file ./figures/paper_outline.pdf): PDF inclusion: fou
nd PDF version <1.7>, but at most version <1.5> allowed
<figures/paper_outline.pdf, id=20, 1457.445pt x 1312.15219pt>
File: figures/paper_outline.pdf Graphic file (type pdf)

<use figures/paper_outline.pdf>
Package pdftex.def Info: figures/paper_outline.pdf used on input line 228.
(pdftex.def)             Requested size: 198.7425pt x 178.91484pt.

Underfull \hbox (badness 10000) in paragraph at lines 229--229
[]\OT1/cmr/bx/n/9 Figure  3. \OT1/cmr/m/n/9 PRE-LIM-I-NARY FIG-URE: Schematic t
o il-lus-trate what is done in this pa-per: Cal-
 []


Underfull \hbox (badness 10000) in paragraph at lines 229--229
\OT1/cmr/m/n/9 cu-late equiv-a-lent cur-rent based on re-al-is-tic mea-sure-men
ts from EZIE, and com-pare the re-sult
 []


Underfull \hbox (badness 10000) in paragraph at lines 229--229
\OT1/cmr/m/n/9 to 1) equiv-a-lent cur-rent cal-cu-lated from an ideal dis-tri-b
u-tion of per-fect mea-sure-ments of $^^A[]$ at
 []


Overfull \hbox (11.52957pt too wide) in paragraph at lines 234--235
[]\OT1/cmr/m/n/10 Description of mis-sion: Grid, time res-o-lu-tion, pre-ci-sio
n (ba-si-cally go-ing from spec- 
 []


Underfull \vbox (badness 10000) has occurred while \output is active []

 [2 <./figures/B_vs_h.png>] [3 <./figures/magnetic_field_structure_at_different
_heights.png> <./figures/paper_outline.pdf>]
Overfull \hbox (17.46pt too wide) in paragraph at lines 241--242
[]\OT1/cmr/m/n/10 Discussion about divergence-free cur-rent - what would we get
 with PER-FECT data 
 []

(./inversion_paper.bbl
Underfull \hbox (badness 10000) in paragraph at lines 14--33
[]\OT1/cmr/m/n/10 Gjerloev, J. W., Ohtani, S., Iijima, T., An-der-son, B., Slav
in, J., & Le, G.  (2011). 
 []


Underfull \hbox (badness 10000) in paragraph at lines 14--33
\OT1/cmr/m/n/10 Char-ac-ter-is-tics of the ter-res-trial field-aligned cur-rent
 sys-tem.  \OT1/cmr/m/it/10 An-nales Geo- 
 []


Underfull \hbox (badness 10000) in paragraph at lines 45--65
[]\OT1/cmr/m/n/10 Kane, T. J., Hill-man, P. D., Den-man, C. A., Hart, M., Phill
ip Scott, R., Pu-rucker, 
 []


Underfull \hbox (badness 2726) in paragraph at lines 45--65
\OT1/cmr/m/n/10 M. E., & Potash-nik, S. J.  (2018).  Laser re-mote mag-ne-tom-e
-try us-ing meso- 
 []


Underfull \hbox (badness 10000) in paragraph at lines 45--65
\OT1/cmr/m/n/10 spheric sodium.  \OT1/cmr/m/it/10 Jour-nal of Geo-phys-i-cal Re
-search: Space Physics\OT1/cmr/m/n/10 , \OT1/cmr/m/it/10 123\OT1/cmr/m/n/10 (8)
, 
 []


Underfull \hbox (badness 10000) in paragraph at lines 79--94
\OT1/cmr/m/n/10 In-duced by Elec-tro-jets From Space: Mea-sure-ment Tech-niques
 and Sen-sor 
 []

) [4] (./inversion_paper.aux)

LaTeX Font Warning: Size substitutions with differences
(Font)              up to 0.45pt have occurred.

 ) 
Here is how much of TeX's memory you used:
 3934 strings out of 492995
 53100 string characters out of 6132703
 127869 words of memory out of 5000000
 7407 multiletter control sequences out of 15000+600000
 10804 words of font info for 39 fonts, out of 8000000 for 9000
 1147 hyphenation exceptions out of 8191
 43i,8n,37p,401b,290s stack positions out of 5000i,500n,10000p,200000b,80000s
</usr/local/texlive/2017/texmf-dist/fonts/type1/public/amsfonts/cm/cmbx10.pfb
></usr/local/texlive/2017/texmf-dist/fonts/type1/public/amsfonts/cm/cmbx12.pfb>
</usr/local/texlive/2017/texmf-dist/fonts/type1/public/amsfonts/cm/cmbx9.pfb></
usr/local/texlive/2017/texmf-dist/fonts/type1/public/amsfonts/cm/cmmi10.pfb></u
sr/local/texlive/2017/texmf-dist/fonts/type1/public/amsfonts/cm/cmmi6.pfb></usr
/local/texlive/2017/texmf-dist/fonts/type1/public/amsfonts/cm/cmmi9.pfb></usr/l
ocal/texlive/2017/texmf-dist/fonts/type1/public/amsfonts/cm/cmr10.pfb></usr/loc
al/texlive/2017/texmf-dist/fonts/type1/public/amsfonts/cm/cmr6.pfb></usr/local/
texlive/2017/texmf-dist/fonts/type1/public/amsfonts/cm/cmr8.pfb></usr/local/tex
live/2017/texmf-dist/fonts/type1/public/amsfonts/cm/cmr9.pfb></usr/local/texliv
e/2017/texmf-dist/fonts/type1/public/amsfonts/cm/cmss8.pfb></usr/local/texlive/
2017/texmf-dist/fonts/type1/public/amsfonts/cm/cmsy10.pfb></usr/local/texlive/2
017/texmf-dist/fonts/type1/public/amsfonts/cm/cmsy5.pfb></usr/local/texlive/201
7/texmf-dist/fonts/type1/public/amsfonts/cm/cmti10.pfb></usr/local/texlive/2017
/texmf-dist/fonts/type1/public/amsfonts/cm/cmti9.pfb></usr/local/texlive/2017/t
exmf-dist/fonts/type1/public/amsfonts/cm/cmtt9.pfb>
Output written on inversion_paper.pdf (4 pages, 390577 bytes).
PDF statistics:
 121 PDF objects out of 1000 (max. 8388607)
 81 compressed objects within 1 object stream
 0 named destinations out of 1000 (max. 500000)
 16 words of extra memory for PDF output out of 10000 (max. 10000000)

